<?xml version="1.0" encoding="UTF-8"?>
<!-- Generated by org.testng.reporters.JUnitReportReporter -->
<testsuite skipped="0" hostname="LAPTOP-SCJLCHHR" name="com.qa.tests.HomePageTest" tests="3" failures="0" timestamp="23 Feb 2018 20:37:06 GMT" time="2.795" errors="0">
  <testcase name="imageAccessibilityTest" time="2.471" classname="com.qa.tests.HomePageTest"/>
  <testcase name="verifyResponseTime" time="0.167" classname="com.qa.tests.HomePageTest"/>
  <testcase name="landingPathApiTest" time="0.157" classname="com.qa.tests.HomePageTest"/>
</testsuite> <!-- com.qa.tests.HomePageTest -->
